<?xml version="1.0" encoding="UTF-8"?>
<robot generator="Robot 6.1.1 (Python 3.12.0 on win32)" generated="20231018 21:03:00.948" rpa="false" schemaversion="4">
<suite id="s1" name="TC4 Create&amp;VerifyNewBooking" source="C:\Users\z004us9s\PycharmProjects\APIAutomation\Project_restful-booker-herokuapp\Tests\TC4_Create&amp;VerifyNewBooking.robot">
<test id="s1-t1" name="TC1_Verify_successful_creation_of_new_booking" line="21">
<kw name="Create Dictionary" library="BuiltIn">
<var>${bookingDates}</var>
<arg>checkin= ${checkin}</arg>
<arg>checkout= ${checkout}</arg>
<doc>Creates and returns a dictionary based on the given ``items``.</doc>
<msg timestamp="20231018 21:03:01.524" level="INFO">${bookingDates} = {'checkin': ' 2023-08-30', 'checkout': ' 2023-09-10'}</msg>
<status status="PASS" starttime="20231018 21:03:01.524" endtime="20231018 21:03:01.524"/>
</kw>
<kw name="Create Dictionary" library="BuiltIn">
<var>${request_payload}</var>
<arg>firstname= ${firstname}</arg>
<arg>lastname= ${lastname}</arg>
<arg>totalprice= 789</arg>
<arg>depositpaid=true</arg>
<arg>bookingdates=${bookingDates}</arg>
<arg>additionalneeds= Breakfast</arg>
<doc>Creates and returns a dictionary based on the given ``items``.</doc>
<msg timestamp="20231018 21:03:01.525" level="INFO">${request_payload} = {'firstname': ' India', 'lastname': ' Bharat', 'totalprice': ' 789', 'depositpaid': 'true', 'bookingdates': {'checkin': ' 2023-08-30', 'checkout': ' 2023-09-10'}, 'additionalneeds': ' Breakfast'}</msg>
<status status="PASS" starttime="20231018 21:03:01.525" endtime="20231018 21:03:01.525"/>
</kw>
<kw name="Create Dictionary" library="BuiltIn">
<var>${request_headers}</var>
<arg>Content-Type=application/json</arg>
<arg>Accept=application/json</arg>
<doc>Creates and returns a dictionary based on the given ``items``.</doc>
<msg timestamp="20231018 21:03:01.526" level="INFO">${request_headers} = {'Content-Type': 'application/json', 'Accept': 'application/json'}</msg>
<status status="PASS" starttime="20231018 21:03:01.526" endtime="20231018 21:03:01.526"/>
</kw>
<kw name="Create Session" library="RequestsLibrary">
<arg>AddBooking</arg>
<arg>${base_url}</arg>
<arg>disable_warnings=1</arg>
<doc>Create Session: create a HTTP session to a server</doc>
<msg timestamp="20231018 21:03:01.528" level="INFO">Creating Session using : alias=AddBooking, url=https://restful-booker.herokuapp.com, headers={},                     cookies={}, auth=None, timeout=None, proxies=None, verify=False,                     debug=0 </msg>
<status status="PASS" starttime="20231018 21:03:01.528" endtime="20231018 21:03:01.528"/>
</kw>
<kw name="POST On Session" library="RequestsLibrary">
<var>${response}</var>
<arg>AddBooking</arg>
<arg>${booking_endpoint}</arg>
<arg>json=${request_payload}</arg>
<doc>Sends a POST request on a previously created HTTP Session.</doc>
<msg timestamp="20231018 21:03:03.703" level="INFO">POST Request : url=https://restful-booker.herokuapp.com/booking 
 path_url=/booking 
 headers={'User-Agent': 'python-requests/2.31.0', 'Accept-Encoding': 'gzip, deflate', 'Accept': '*/*', 'Connection': 'keep-alive', 'Content-Length': '195', 'Content-Type': 'application/json'} 
 body=b'{"firstname": " India", "lastname": " Bharat", "totalprice": " 789", "depositpaid": "true", "bookingdates": {"checkin": " 2023-08-30", "checkout": " 2023-09-10"}, "additionalneeds": " Breakfast"}' 
 </msg>
<msg timestamp="20231018 21:03:03.703" level="INFO">POST Response : url=https://restful-booker.herokuapp.com/booking 
 status=200, reason=OK 
 headers={'Server': 'Cowboy', 'Report-To': '{"group":"heroku-nel","max_age":3600,"endpoints":[{"url":"https://nel.heroku.com/reports?ts=1697643187&amp;sid=c46efe9b-d3d2-4a0c-8c76-bfafa16c5add&amp;s=q91oElhlsUF%2F52ch%2B%2BfPw7QRqAoit%2BPGMExEsNblzZk%3D"}]}', 'Reporting-Endpoints': 'heroku-nel=https://nel.heroku.com/reports?ts=1697643187&amp;sid=c46efe9b-d3d2-4a0c-8c76-bfafa16c5add&amp;s=q91oElhlsUF%2F52ch%2B%2BfPw7QRqAoit%2BPGMExEsNblzZk%3D', 'Nel': '{"report_to":"heroku-nel","max_age":3600,"success_fraction":0.005,"failure_fraction":0.05,"response_headers":["Via"]}', 'Connection': 'keep-alive', 'X-Powered-By': 'Express', 'Content-Type': 'application/json; charset=utf-8', 'Content-Length': '200', 'Etag': 'W/"c8-1hN69vk9Lnc/CiQQ1v2tJGWRPzo"', 'Date': 'Wed, 18 Oct 2023 15:33:07 GMT', 'Via': '1.1 vegur'} 
 body={"bookingid":295,"booking":{"firstname":"India","lastname":"Bharat","totalprice":789,"depositpaid":true,"bookingdates":{"checkin":"2023-08-30","checkout":"2023-09-10"},"additionalneeds":" Breakfast"}} 
 </msg>
<msg timestamp="20231018 21:03:03.703" level="INFO">${response} = &lt;Response [200]&gt;</msg>
<status status="PASS" starttime="20231018 21:03:01.529" endtime="20231018 21:03:03.703"/>
</kw>
<kw name="Log" library="BuiltIn">
<arg>${response.content}</arg>
<doc>Logs the given message with the given level.</doc>
<msg timestamp="20231018 21:03:03.705" level="INFO">{"bookingid":295,"booking":{"firstname":"India","lastname":"Bharat","totalprice":789,"depositpaid":true,"bookingdates":{"checkin":"2023-08-30","checkout":"2023-09-10"},"additionalneeds":" Breakfast"}}</msg>
<status status="PASS" starttime="20231018 21:03:03.704" endtime="20231018 21:03:03.705"/>
</kw>
<kw name="Should Be Equal As Strings" library="BuiltIn">
<arg>${response.status_code}</arg>
<arg>200</arg>
<doc>Fails if objects are unequal after converting them to strings.</doc>
<msg timestamp="20231018 21:03:03.707" level="INFO">Argument types are:
&lt;class 'int'&gt;
&lt;class 'str'&gt;</msg>
<status status="PASS" starttime="20231018 21:03:03.706" endtime="20231018 21:03:03.707"/>
</kw>
<kw name="Get Data From JSON">
<var>${newBookingId}</var>
<arg>${response}</arg>
<arg>bookingid</arg>
<kw name="Set Variable" library="BuiltIn">
<var>${json_response}</var>
<arg>${response.json()}</arg>
<doc>Returns the given values which can then be assigned to a variables.</doc>
<msg timestamp="20231018 21:03:03.710" level="INFO">${json_response} = {'bookingid': 295, 'booking': {'firstname': 'India', 'lastname': 'Bharat', 'totalprice': 789, 'depositpaid': True, 'bookingdates': {'checkin': '2023-08-30', 'checkout': '2023-09-10'}, 'additionalneeds...</msg>
<status status="PASS" starttime="20231018 21:03:03.709" endtime="20231018 21:03:03.710"/>
</kw>
<kw name="Get Value From Json" library="JSONLibrary">
<var>${value}</var>
<arg>${json_response}</arg>
<arg>${json_path}</arg>
<doc>Get Value From JSON using JSONPath</doc>
<msg timestamp="20231018 21:03:03.748" level="INFO">${value} = [295]</msg>
<status status="PASS" starttime="20231018 21:03:03.710" endtime="20231018 21:03:03.748"/>
</kw>
<msg timestamp="20231018 21:03:03.750" level="INFO">${newBookingId} = 295</msg>
<status status="PASS" starttime="20231018 21:03:03.708" endtime="20231018 21:03:03.750"/>
</kw>
<kw name="Log To Console" library="BuiltIn">
<arg>Newly created booking id is: ${newBookingId}</arg>
<doc>Logs the given message to the console.</doc>
<status status="PASS" starttime="20231018 21:03:03.751" endtime="20231018 21:03:03.752"/>
</kw>
<kw name="Set Global Variable" library="BuiltIn">
<arg>${newBookingId}</arg>
<arg>${newBookingId}</arg>
<doc>Makes a variable available globally in all tests and suites.</doc>
<msg timestamp="20231018 21:03:03.753" level="INFO">${newBookingId} = 295</msg>
<status status="PASS" starttime="20231018 21:03:03.752" endtime="20231018 21:03:03.753"/>
</kw>
<kw name="Verify value in JSON">
<arg>${response}</arg>
<arg>booking.firstname</arg>
<arg>${firstname}</arg>
<kw name="Get Data From JSON">
<var>${actualValue}</var>
<arg>${response}</arg>
<arg>${json_path}</arg>
<kw name="Set Variable" library="BuiltIn">
<var>${json_response}</var>
<arg>${response.json()}</arg>
<doc>Returns the given values which can then be assigned to a variables.</doc>
<msg timestamp="20231018 21:03:03.755" level="INFO">${json_response} = {'bookingid': 295, 'booking': {'firstname': 'India', 'lastname': 'Bharat', 'totalprice': 789, 'depositpaid': True, 'bookingdates': {'checkin': '2023-08-30', 'checkout': '2023-09-10'}, 'additionalneeds...</msg>
<status status="PASS" starttime="20231018 21:03:03.755" endtime="20231018 21:03:03.755"/>
</kw>
<kw name="Get Value From Json" library="JSONLibrary">
<var>${value}</var>
<arg>${json_response}</arg>
<arg>${json_path}</arg>
<doc>Get Value From JSON using JSONPath</doc>
<msg timestamp="20231018 21:03:03.783" level="INFO">${value} = ['India']</msg>
<status status="PASS" starttime="20231018 21:03:03.755" endtime="20231018 21:03:03.783"/>
</kw>
<msg timestamp="20231018 21:03:03.783" level="INFO">${actualValue} = India</msg>
<status status="PASS" starttime="20231018 21:03:03.754" endtime="20231018 21:03:03.783"/>
</kw>
<kw name="Should Be Equal" library="BuiltIn">
<arg>${actualValue}</arg>
<arg>${expectedValue}</arg>
<doc>Fails if the given objects are unequal.</doc>
<status status="PASS" starttime="20231018 21:03:03.783" endtime="20231018 21:03:03.783"/>
</kw>
<status status="PASS" starttime="20231018 21:03:03.754" endtime="20231018 21:03:03.783"/>
</kw>
<kw name="Verify value in JSON">
<arg>${response}</arg>
<arg>booking.lastname</arg>
<arg>${lastname}</arg>
<kw name="Get Data From JSON">
<var>${actualValue}</var>
<arg>${response}</arg>
<arg>${json_path}</arg>
<kw name="Set Variable" library="BuiltIn">
<var>${json_response}</var>
<arg>${response.json()}</arg>
<doc>Returns the given values which can then be assigned to a variables.</doc>
<msg timestamp="20231018 21:03:03.788" level="INFO">${json_response} = {'bookingid': 295, 'booking': {'firstname': 'India', 'lastname': 'Bharat', 'totalprice': 789, 'depositpaid': True, 'bookingdates': {'checkin': '2023-08-30', 'checkout': '2023-09-10'}, 'additionalneeds...</msg>
<status status="PASS" starttime="20231018 21:03:03.787" endtime="20231018 21:03:03.788"/>
</kw>
<kw name="Get Value From Json" library="JSONLibrary">
<var>${value}</var>
<arg>${json_response}</arg>
<arg>${json_path}</arg>
<doc>Get Value From JSON using JSONPath</doc>
<msg timestamp="20231018 21:03:03.814" level="INFO">${value} = ['Bharat']</msg>
<status status="PASS" starttime="20231018 21:03:03.788" endtime="20231018 21:03:03.814"/>
</kw>
<msg timestamp="20231018 21:03:03.815" level="INFO">${actualValue} = Bharat</msg>
<status status="PASS" starttime="20231018 21:03:03.786" endtime="20231018 21:03:03.815"/>
</kw>
<kw name="Should Be Equal" library="BuiltIn">
<arg>${actualValue}</arg>
<arg>${expectedValue}</arg>
<doc>Fails if the given objects are unequal.</doc>
<status status="PASS" starttime="20231018 21:03:03.816" endtime="20231018 21:03:03.816"/>
</kw>
<status status="PASS" starttime="20231018 21:03:03.786" endtime="20231018 21:03:03.816"/>
</kw>
<kw name="Verify value in JSON">
<arg>${response}</arg>
<arg>booking.bookingdates.checkin</arg>
<arg>${checkin}</arg>
<kw name="Get Data From JSON">
<var>${actualValue}</var>
<arg>${response}</arg>
<arg>${json_path}</arg>
<kw name="Set Variable" library="BuiltIn">
<var>${json_response}</var>
<arg>${response.json()}</arg>
<doc>Returns the given values which can then be assigned to a variables.</doc>
<msg timestamp="20231018 21:03:03.818" level="INFO">${json_response} = {'bookingid': 295, 'booking': {'firstname': 'India', 'lastname': 'Bharat', 'totalprice': 789, 'depositpaid': True, 'bookingdates': {'checkin': '2023-08-30', 'checkout': '2023-09-10'}, 'additionalneeds...</msg>
<status status="PASS" starttime="20231018 21:03:03.818" endtime="20231018 21:03:03.818"/>
</kw>
<kw name="Get Value From Json" library="JSONLibrary">
<var>${value}</var>
<arg>${json_response}</arg>
<arg>${json_path}</arg>
<doc>Get Value From JSON using JSONPath</doc>
<msg timestamp="20231018 21:03:03.870" level="INFO">${value} = ['2023-08-30']</msg>
<status status="PASS" starttime="20231018 21:03:03.818" endtime="20231018 21:03:03.870"/>
</kw>
<msg timestamp="20231018 21:03:03.870" level="INFO">${actualValue} = 2023-08-30</msg>
<status status="PASS" starttime="20231018 21:03:03.817" endtime="20231018 21:03:03.870"/>
</kw>
<kw name="Should Be Equal" library="BuiltIn">
<arg>${actualValue}</arg>
<arg>${expectedValue}</arg>
<doc>Fails if the given objects are unequal.</doc>
<status status="PASS" starttime="20231018 21:03:03.871" endtime="20231018 21:03:03.871"/>
</kw>
<status status="PASS" starttime="20231018 21:03:03.817" endtime="20231018 21:03:03.871"/>
</kw>
<kw name="Verify value in JSON">
<arg>${response}</arg>
<arg>booking.bookingdates.checkout</arg>
<arg>${checkout}</arg>
<kw name="Get Data From JSON">
<var>${actualValue}</var>
<arg>${response}</arg>
<arg>${json_path}</arg>
<kw name="Set Variable" library="BuiltIn">
<var>${json_response}</var>
<arg>${response.json()}</arg>
<doc>Returns the given values which can then be assigned to a variables.</doc>
<msg timestamp="20231018 21:03:03.873" level="INFO">${json_response} = {'bookingid': 295, 'booking': {'firstname': 'India', 'lastname': 'Bharat', 'totalprice': 789, 'depositpaid': True, 'bookingdates': {'checkin': '2023-08-30', 'checkout': '2023-09-10'}, 'additionalneeds...</msg>
<status status="PASS" starttime="20231018 21:03:03.872" endtime="20231018 21:03:03.873"/>
</kw>
<kw name="Get Value From Json" library="JSONLibrary">
<var>${value}</var>
<arg>${json_response}</arg>
<arg>${json_path}</arg>
<doc>Get Value From JSON using JSONPath</doc>
<msg timestamp="20231018 21:03:03.898" level="INFO">${value} = ['2023-09-10']</msg>
<status status="PASS" starttime="20231018 21:03:03.873" endtime="20231018 21:03:03.898"/>
</kw>
<msg timestamp="20231018 21:03:03.898" level="INFO">${actualValue} = 2023-09-10</msg>
<status status="PASS" starttime="20231018 21:03:03.871" endtime="20231018 21:03:03.898"/>
</kw>
<kw name="Should Be Equal" library="BuiltIn">
<arg>${actualValue}</arg>
<arg>${expectedValue}</arg>
<doc>Fails if the given objects are unequal.</doc>
<status status="PASS" starttime="20231018 21:03:03.898" endtime="20231018 21:03:03.898"/>
</kw>
<status status="PASS" starttime="20231018 21:03:03.871" endtime="20231018 21:03:03.898"/>
</kw>
<kw name="Generate Random Email" library="CustomLibrary">
<var>${random_email}</var>
<msg timestamp="20231018 21:03:03.906" level="INFO">${random_email} = TWgpUKCG@example.com</msg>
<status status="PASS" starttime="20231018 21:03:03.906" endtime="20231018 21:03:03.906"/>
</kw>
<kw name="Log To Console" library="BuiltIn">
<arg>Random Email: ${random_email}</arg>
<doc>Logs the given message to the console.</doc>
<status status="PASS" starttime="20231018 21:03:03.907" endtime="20231018 21:03:03.907"/>
</kw>
<kw name="Get Current Date" library="CustomLibrary">
<var>${current_date}</var>
<msg timestamp="20231018 21:03:03.908" level="INFO">${current_date} = 2023-10-18</msg>
<status status="PASS" starttime="20231018 21:03:03.908" endtime="20231018 21:03:03.908"/>
</kw>
<kw name="Log To Console" library="BuiltIn">
<arg>Current Date: ${current_date}</arg>
<doc>Logs the given message to the console.</doc>
<status status="PASS" starttime="20231018 21:03:03.909" endtime="20231018 21:03:03.910"/>
</kw>
<kw name="Generate Random Name" library="CustomLibrary">
<var>${random_name}</var>
<msg timestamp="20231018 21:03:03.911" level="INFO">${random_name} = dKNgVEwG</msg>
<status status="PASS" starttime="20231018 21:03:03.910" endtime="20231018 21:03:03.911"/>
</kw>
<kw name="Log To Console" library="BuiltIn">
<arg>Random Name: ${random_name}</arg>
<doc>Logs the given message to the console.</doc>
<status status="PASS" starttime="20231018 21:03:03.911" endtime="20231018 21:03:03.912"/>
</kw>
<doc>Creates new booking</doc>
<tag>SmokeTest</tag>
<status status="PASS" starttime="20231018 21:03:01.523" endtime="20231018 21:03:03.913"/>
</test>
<test id="s1-t2" name="TC2_Verify_Booking_details_using_newly_created_booking_id" line="59">
<kw name="Create Session" library="RequestsLibrary">
<arg>newBookingDetails</arg>
<arg>${base_url}</arg>
<arg>verify=true</arg>
<arg>disable_warnings=true</arg>
<doc>Create Session: create a HTTP session to a server</doc>
<msg timestamp="20231018 21:03:03.916" level="INFO">Creating Session using : alias=newBookingDetails, url=https://restful-booker.herokuapp.com, headers={},                     cookies={}, auth=None, timeout=None, proxies=None, verify=True,                     debug=0 </msg>
<status status="PASS" starttime="20231018 21:03:03.916" endtime="20231018 21:03:03.916"/>
</kw>
<kw name="GET On Session" library="RequestsLibrary">
<var>${response}</var>
<arg>newBookingDetails</arg>
<arg>${booking_endpoint}/${newBookingId}</arg>
<doc>Sends a GET request on a previously created HTTP Session.</doc>
<msg timestamp="20231018 21:03:05.726" level="INFO">GET Request : url=https://restful-booker.herokuapp.com/booking/295 
 path_url=/booking/295 
 headers={'User-Agent': 'python-requests/2.31.0', 'Accept-Encoding': 'gzip, deflate', 'Accept': '*/*', 'Connection': 'keep-alive'} 
 body=None 
 </msg>
<msg timestamp="20231018 21:03:05.726" level="INFO">GET Response : url=https://restful-booker.herokuapp.com/booking/295 
 status=200, reason=OK 
 headers={'Server': 'Cowboy', 'Report-To': '{"group":"heroku-nel","max_age":3600,"endpoints":[{"url":"https://nel.heroku.com/reports?ts=1697643189&amp;sid=c46efe9b-d3d2-4a0c-8c76-bfafa16c5add&amp;s=IDoTFmwMCcCNG1D52w1p0%2BHgln8vu2LobVJptsBJMZM%3D"}]}', 'Reporting-Endpoints': 'heroku-nel=https://nel.heroku.com/reports?ts=1697643189&amp;sid=c46efe9b-d3d2-4a0c-8c76-bfafa16c5add&amp;s=IDoTFmwMCcCNG1D52w1p0%2BHgln8vu2LobVJptsBJMZM%3D', 'Nel': '{"report_to":"heroku-nel","max_age":3600,"success_fraction":0.005,"failure_fraction":0.05,"response_headers":["Via"]}', 'Connection': 'keep-alive', 'X-Powered-By': 'Express', 'Content-Type': 'application/json; charset=utf-8', 'Content-Length': '172', 'Etag': 'W/"ac-N6hajq9JnuFcWobUqK+GmVlN4bA"', 'Date': 'Wed, 18 Oct 2023 15:33:09 GMT', 'Via': '1.1 vegur'} 
 body={"firstname":"India","lastname":"Bharat","totalprice":789,"depositpaid":true,"bookingdates":{"checkin":"2023-08-30","checkout":"2023-09-10"},"additionalneeds":" Breakfast"} 
 </msg>
<msg timestamp="20231018 21:03:05.726" level="INFO">${response} = &lt;Response [200]&gt;</msg>
<status status="PASS" starttime="20231018 21:03:03.918" endtime="20231018 21:03:05.726"/>
</kw>
<kw name="Log" library="BuiltIn">
<arg>${response.content}</arg>
<doc>Logs the given message with the given level.</doc>
<msg timestamp="20231018 21:03:05.729" level="INFO">{"firstname":"India","lastname":"Bharat","totalprice":789,"depositpaid":true,"bookingdates":{"checkin":"2023-08-30","checkout":"2023-09-10"},"additionalneeds":" Breakfast"}</msg>
<status status="PASS" starttime="20231018 21:03:05.727" endtime="20231018 21:03:05.729"/>
</kw>
<kw name="Should Be Equal As Strings" library="BuiltIn">
<arg>${response.status_code}</arg>
<arg>200</arg>
<doc>Fails if objects are unequal after converting them to strings.</doc>
<msg timestamp="20231018 21:03:05.731" level="INFO">Argument types are:
&lt;class 'int'&gt;
&lt;class 'str'&gt;</msg>
<status status="PASS" starttime="20231018 21:03:05.730" endtime="20231018 21:03:05.731"/>
</kw>
<kw name="Verify value in JSON">
<arg>${response}</arg>
<arg>firstname</arg>
<arg>${firstname}</arg>
<kw name="Get Data From JSON">
<var>${actualValue}</var>
<arg>${response}</arg>
<arg>${json_path}</arg>
<kw name="Set Variable" library="BuiltIn">
<var>${json_response}</var>
<arg>${response.json()}</arg>
<doc>Returns the given values which can then be assigned to a variables.</doc>
<msg timestamp="20231018 21:03:05.733" level="INFO">${json_response} = {'firstname': 'India', 'lastname': 'Bharat', 'totalprice': 789, 'depositpaid': True, 'bookingdates': {'checkin': '2023-08-30', 'checkout': '2023-09-10'}, 'additionalneeds': ' Breakfast'}</msg>
<status status="PASS" starttime="20231018 21:03:05.733" endtime="20231018 21:03:05.733"/>
</kw>
<kw name="Get Value From Json" library="JSONLibrary">
<var>${value}</var>
<arg>${json_response}</arg>
<arg>${json_path}</arg>
<doc>Get Value From JSON using JSONPath</doc>
<msg timestamp="20231018 21:03:05.764" level="INFO">${value} = ['India']</msg>
<status status="PASS" starttime="20231018 21:03:05.733" endtime="20231018 21:03:05.764"/>
</kw>
<msg timestamp="20231018 21:03:05.764" level="INFO">${actualValue} = India</msg>
<status status="PASS" starttime="20231018 21:03:05.733" endtime="20231018 21:03:05.764"/>
</kw>
<kw name="Should Be Equal" library="BuiltIn">
<arg>${actualValue}</arg>
<arg>${expectedValue}</arg>
<doc>Fails if the given objects are unequal.</doc>
<status status="PASS" starttime="20231018 21:03:05.764" endtime="20231018 21:03:05.764"/>
</kw>
<status status="PASS" starttime="20231018 21:03:05.732" endtime="20231018 21:03:05.764"/>
</kw>
<kw name="Verify value in JSON">
<arg>${response}</arg>
<arg>lastname</arg>
<arg>${lastname}</arg>
<kw name="Get Data From JSON">
<var>${actualValue}</var>
<arg>${response}</arg>
<arg>${json_path}</arg>
<kw name="Set Variable" library="BuiltIn">
<var>${json_response}</var>
<arg>${response.json()}</arg>
<doc>Returns the given values which can then be assigned to a variables.</doc>
<msg timestamp="20231018 21:03:05.775" level="INFO">${json_response} = {'firstname': 'India', 'lastname': 'Bharat', 'totalprice': 789, 'depositpaid': True, 'bookingdates': {'checkin': '2023-08-30', 'checkout': '2023-09-10'}, 'additionalneeds': ' Breakfast'}</msg>
<status status="PASS" starttime="20231018 21:03:05.774" endtime="20231018 21:03:05.775"/>
</kw>
<kw name="Get Value From Json" library="JSONLibrary">
<var>${value}</var>
<arg>${json_response}</arg>
<arg>${json_path}</arg>
<doc>Get Value From JSON using JSONPath</doc>
<msg timestamp="20231018 21:03:05.797" level="INFO">${value} = ['Bharat']</msg>
<status status="PASS" starttime="20231018 21:03:05.775" endtime="20231018 21:03:05.797"/>
</kw>
<msg timestamp="20231018 21:03:05.797" level="INFO">${actualValue} = Bharat</msg>
<status status="PASS" starttime="20231018 21:03:05.774" endtime="20231018 21:03:05.797"/>
</kw>
<kw name="Should Be Equal" library="BuiltIn">
<arg>${actualValue}</arg>
<arg>${expectedValue}</arg>
<doc>Fails if the given objects are unequal.</doc>
<status status="PASS" starttime="20231018 21:03:05.797" endtime="20231018 21:03:05.797"/>
</kw>
<status status="PASS" starttime="20231018 21:03:05.773" endtime="20231018 21:03:05.797"/>
</kw>
<kw name="Verify value in JSON">
<arg>${response}</arg>
<arg>bookingdates.checkin</arg>
<arg>${checkin}</arg>
<kw name="Get Data From JSON">
<var>${actualValue}</var>
<arg>${response}</arg>
<arg>${json_path}</arg>
<kw name="Set Variable" library="BuiltIn">
<var>${json_response}</var>
<arg>${response.json()}</arg>
<doc>Returns the given values which can then be assigned to a variables.</doc>
<msg timestamp="20231018 21:03:05.806" level="INFO">${json_response} = {'firstname': 'India', 'lastname': 'Bharat', 'totalprice': 789, 'depositpaid': True, 'bookingdates': {'checkin': '2023-08-30', 'checkout': '2023-09-10'}, 'additionalneeds': ' Breakfast'}</msg>
<status status="PASS" starttime="20231018 21:03:05.806" endtime="20231018 21:03:05.806"/>
</kw>
<kw name="Get Value From Json" library="JSONLibrary">
<var>${value}</var>
<arg>${json_response}</arg>
<arg>${json_path}</arg>
<doc>Get Value From JSON using JSONPath</doc>
<msg timestamp="20231018 21:03:05.823" level="INFO">${value} = ['2023-08-30']</msg>
<status status="PASS" starttime="20231018 21:03:05.806" endtime="20231018 21:03:05.823"/>
</kw>
<msg timestamp="20231018 21:03:05.823" level="INFO">${actualValue} = 2023-08-30</msg>
<status status="PASS" starttime="20231018 21:03:05.805" endtime="20231018 21:03:05.823"/>
</kw>
<kw name="Should Be Equal" library="BuiltIn">
<arg>${actualValue}</arg>
<arg>${expectedValue}</arg>
<doc>Fails if the given objects are unequal.</doc>
<status status="PASS" starttime="20231018 21:03:05.823" endtime="20231018 21:03:05.823"/>
</kw>
<status status="PASS" starttime="20231018 21:03:05.805" endtime="20231018 21:03:05.823"/>
</kw>
<kw name="Verify value in JSON">
<arg>${response}</arg>
<arg>bookingdates.checkout</arg>
<arg>${checkout}</arg>
<kw name="Get Data From JSON">
<var>${actualValue}</var>
<arg>${response}</arg>
<arg>${json_path}</arg>
<kw name="Set Variable" library="BuiltIn">
<var>${json_response}</var>
<arg>${response.json()}</arg>
<doc>Returns the given values which can then be assigned to a variables.</doc>
<msg timestamp="20231018 21:03:05.835" level="INFO">${json_response} = {'firstname': 'India', 'lastname': 'Bharat', 'totalprice': 789, 'depositpaid': True, 'bookingdates': {'checkin': '2023-08-30', 'checkout': '2023-09-10'}, 'additionalneeds': ' Breakfast'}</msg>
<status status="PASS" starttime="20231018 21:03:05.835" endtime="20231018 21:03:05.835"/>
</kw>
<kw name="Get Value From Json" library="JSONLibrary">
<var>${value}</var>
<arg>${json_response}</arg>
<arg>${json_path}</arg>
<doc>Get Value From JSON using JSONPath</doc>
<msg timestamp="20231018 21:03:05.852" level="INFO">${value} = ['2023-09-10']</msg>
<status status="PASS" starttime="20231018 21:03:05.835" endtime="20231018 21:03:05.852"/>
</kw>
<msg timestamp="20231018 21:03:05.852" level="INFO">${actualValue} = 2023-09-10</msg>
<status status="PASS" starttime="20231018 21:03:05.834" endtime="20231018 21:03:05.852"/>
</kw>
<kw name="Should Be Equal" library="BuiltIn">
<arg>${actualValue}</arg>
<arg>${expectedValue}</arg>
<doc>Fails if the given objects are unequal.</doc>
<status status="PASS" starttime="20231018 21:03:05.852" endtime="20231018 21:03:05.853"/>
</kw>
<status status="PASS" starttime="20231018 21:03:05.834" endtime="20231018 21:03:05.853"/>
</kw>
<doc>Verify booking details for newly added booking</doc>
<tag>SmokeTest</tag>
<status status="PASS" starttime="20231018 21:03:03.915" endtime="20231018 21:03:05.853"/>
</test>
<test id="s1-t3" name="TC3_Get_New_Booking_ID_By_Name" line="72">
<kw name="Create Dictionary" library="BuiltIn">
<var>${query_params}</var>
<arg>firstname=${firstname}</arg>
<doc>Creates and returns a dictionary based on the given ``items``.</doc>
<msg timestamp="20231018 21:03:05.857" level="INFO">${query_params} = {'firstname': 'India'}</msg>
<status status="PASS" starttime="20231018 21:03:05.856" endtime="20231018 21:03:05.857"/>
</kw>
<kw name="Create Session" library="RequestsLibrary">
<arg>getNewBooking</arg>
<arg>${base_url}</arg>
<arg>disable_warnings=1</arg>
<doc>Create Session: create a HTTP session to a server</doc>
<msg timestamp="20231018 21:03:05.858" level="INFO">Creating Session using : alias=getNewBooking, url=https://restful-booker.herokuapp.com, headers={},                     cookies={}, auth=None, timeout=None, proxies=None, verify=False,                     debug=0 </msg>
<status status="PASS" starttime="20231018 21:03:05.858" endtime="20231018 21:03:05.858"/>
</kw>
<kw name="GET On Session" library="RequestsLibrary">
<var>${response}</var>
<arg>getNewBooking</arg>
<arg>${booking_endpoint}</arg>
<arg>params=${query_params}</arg>
<doc>Sends a GET request on a previously created HTTP Session.</doc>
<msg timestamp="20231018 21:03:07.159" level="INFO">GET Request : url=https://restful-booker.herokuapp.com/booking?firstname=India 
 path_url=/booking?firstname=India 
 headers={'User-Agent': 'python-requests/2.31.0', 'Accept-Encoding': 'gzip, deflate', 'Accept': '*/*', 'Connection': 'keep-alive'} 
 body=None 
 </msg>
<msg timestamp="20231018 21:03:07.159" level="INFO">GET Response : url=https://restful-booker.herokuapp.com/booking?firstname=India 
 status=200, reason=OK 
 headers={'Server': 'Cowboy', 'Report-To': '{"group":"heroku-nel","max_age":3600,"endpoints":[{"url":"https://nel.heroku.com/reports?ts=1697643190&amp;sid=c46efe9b-d3d2-4a0c-8c76-bfafa16c5add&amp;s=sf6CddKFZNjTA8Qn%2FY0Hb7CLbOJzG6Teb4gwNYQgB2E%3D"}]}', 'Reporting-Endpoints': 'heroku-nel=https://nel.heroku.com/reports?ts=1697643190&amp;sid=c46efe9b-d3d2-4a0c-8c76-bfafa16c5add&amp;s=sf6CddKFZNjTA8Qn%2FY0Hb7CLbOJzG6Teb4gwNYQgB2E%3D', 'Nel': '{"report_to":"heroku-nel","max_age":3600,"success_fraction":0.005,"failure_fraction":0.05,"response_headers":["Via"]}', 'Connection': 'keep-alive', 'X-Powered-By': 'Express', 'Content-Type': 'application/json; charset=utf-8', 'Content-Length': '19', 'Etag': 'W/"13-Tv2dPwsgY9gHgjt4VOT4KAX9f60"', 'Date': 'Wed, 18 Oct 2023 15:33:10 GMT', 'Via': '1.1 vegur'} 
 body=[{"bookingid":295}] 
 </msg>
<msg timestamp="20231018 21:03:07.159" level="INFO">${response} = &lt;Response [200]&gt;</msg>
<status status="PASS" starttime="20231018 21:03:05.859" endtime="20231018 21:03:07.159"/>
</kw>
<kw name="Should Be Equal As Strings" library="BuiltIn">
<arg>${response.status_code}</arg>
<arg>200</arg>
<doc>Fails if objects are unequal after converting them to strings.</doc>
<msg timestamp="20231018 21:03:07.162" level="INFO">Argument types are:
&lt;class 'int'&gt;
&lt;class 'str'&gt;</msg>
<status status="PASS" starttime="20231018 21:03:07.161" endtime="20231018 21:03:07.163"/>
</kw>
<kw name="Log To Console" library="BuiltIn">
<arg>${response.content}</arg>
<doc>Logs the given message to the console.</doc>
<status status="PASS" starttime="20231018 21:03:07.163" endtime="20231018 21:03:07.165"/>
</kw>
<kw name="Create List" library="BuiltIn">
<var>@{bookingIds}</var>
<doc>Returns a list containing given items.</doc>
<msg timestamp="20231018 21:03:07.165" level="INFO">@{bookingIds} = [ ]</msg>
<status status="PASS" starttime="20231018 21:03:07.165" endtime="20231018 21:03:07.165"/>
</kw>
<for flavor="IN">
<var>${element}</var>
<value>@{response.json()}</value>
<iter>
<var name="${element}">{'bookingid': 295}</var>
<kw name="Insert Into List" library="Collections">
<arg>${bookingIds}</arg>
<arg>${counter}</arg>
<arg>${element}[bookingid]</arg>
<doc>Inserts ``value`` into ``list`` to the position specified with ``index``.</doc>
<status status="PASS" starttime="20231018 21:03:07.168" endtime="20231018 21:03:07.168"/>
</kw>
<kw name="Set Variable" library="BuiltIn">
<var>${counter}</var>
<arg>${counter+1}</arg>
<doc>Returns the given values which can then be assigned to a variables.</doc>
<msg timestamp="20231018 21:03:07.170" level="INFO">${counter} = 2</msg>
<status status="PASS" starttime="20231018 21:03:07.168" endtime="20231018 21:03:07.170"/>
</kw>
<status status="PASS" starttime="20231018 21:03:07.168" endtime="20231018 21:03:07.170"/>
</iter>
<status status="PASS" starttime="20231018 21:03:07.166" endtime="20231018 21:03:07.170"/>
</for>
<kw name="List Should Contain Value" library="Collections">
<arg>${bookingIds}</arg>
<arg>${newBookingId}</arg>
<doc>Fails if the ``value`` is not found from ``list``.</doc>
<status status="PASS" starttime="20231018 21:03:07.171" endtime="20231018 21:03:07.171"/>
</kw>
<doc>Returns the id of the new booking using first name</doc>
<tag>SmokeTest</tag>
<status status="PASS" starttime="20231018 21:03:05.856" endtime="20231018 21:03:07.172"/>
</test>
<test id="s1-t4" name="TC4_Get_New_Booking_ID_By_Booking_date" line="89">
<kw name="Create Dictionary" library="BuiltIn">
<var>${query_params}</var>
<arg>checkin=${checkin}</arg>
<doc>Creates and returns a dictionary based on the given ``items``.</doc>
<msg timestamp="20231018 21:03:07.175" level="INFO">${query_params} = {'checkin': '2023-08-30'}</msg>
<status status="PASS" starttime="20231018 21:03:07.175" endtime="20231018 21:03:07.175"/>
</kw>
<kw name="Create Session" library="RequestsLibrary">
<arg>getNewBooking</arg>
<arg>${base_url}</arg>
<arg>disable_warnings=1</arg>
<doc>Create Session: create a HTTP session to a server</doc>
<msg timestamp="20231018 21:03:07.177" level="INFO">Creating Session using : alias=getNewBooking, url=https://restful-booker.herokuapp.com, headers={},                     cookies={}, auth=None, timeout=None, proxies=None, verify=False,                     debug=0 </msg>
<status status="PASS" starttime="20231018 21:03:07.176" endtime="20231018 21:03:07.177"/>
</kw>
<kw name="GET On Session" library="RequestsLibrary">
<var>${response}</var>
<arg>getNewBooking</arg>
<arg>${booking_endpoint}</arg>
<arg>params=${query_params}</arg>
<doc>Sends a GET request on a previously created HTTP Session.</doc>
<msg timestamp="20231018 21:03:08.446" level="INFO">GET Request : url=https://restful-booker.herokuapp.com/booking?checkin=2023-08-30 
 path_url=/booking?checkin=2023-08-30 
 headers={'User-Agent': 'python-requests/2.31.0', 'Accept-Encoding': 'gzip, deflate', 'Accept': '*/*', 'Connection': 'keep-alive'} 
 body=None 
 </msg>
<msg timestamp="20231018 21:03:08.446" level="INFO">GET Response : url=https://restful-booker.herokuapp.com/booking?checkin=2023-08-30 
 status=200, reason=OK 
 headers={'Server': 'Cowboy', 'Connection': 'keep-alive', 'X-Powered-By': 'Express', 'Content-Type': 'application/json; charset=utf-8', 'Content-Length': '2', 'Etag': 'W/"2-l9Fw4VUO7kr8CvBlt4zaMCqXZ0w"', 'Date': 'Wed, 18 Oct 2023 15:33:12 GMT', 'Via': '1.1 vegur'} 
 body=[] 
 </msg>
<msg timestamp="20231018 21:03:08.446" level="INFO">${response} = &lt;Response [200]&gt;</msg>
<status status="PASS" starttime="20231018 21:03:07.178" endtime="20231018 21:03:08.446"/>
</kw>
<kw name="Should Be Equal As Strings" library="BuiltIn">
<arg>${response.status_code}</arg>
<arg>200</arg>
<doc>Fails if objects are unequal after converting them to strings.</doc>
<msg timestamp="20231018 21:03:08.448" level="INFO">Argument types are:
&lt;class 'int'&gt;
&lt;class 'str'&gt;</msg>
<status status="PASS" starttime="20231018 21:03:08.447" endtime="20231018 21:03:08.448"/>
</kw>
<kw name="Log To Console" library="BuiltIn">
<arg>${response.content}</arg>
<doc>Logs the given message to the console.</doc>
<status status="PASS" starttime="20231018 21:03:08.449" endtime="20231018 21:03:08.451"/>
</kw>
<doc>Returns the id of the new booking using checkin date</doc>
<tag>SmokeTest</tag>
<status status="PASS" starttime="20231018 21:03:07.174" endtime="20231018 21:03:08.451"/>
</test>
<doc>API Test for adding and verifying the new booking</doc>
<status status="PASS" starttime="20231018 21:03:00.950" endtime="20231018 21:03:08.454"/>
</suite>
<statistics>
<total>
<stat pass="4" fail="0" skip="0">All Tests</stat>
</total>
<tag>
<stat pass="4" fail="0" skip="0">SmokeTest</stat>
</tag>
<suite>
<stat pass="4" fail="0" skip="0" id="s1" name="TC4 Create&amp;VerifyNewBooking">TC4 Create&amp;VerifyNewBooking</stat>
</suite>
</statistics>
<errors>
</errors>
</robot>
